# JRE version: Java(TM) SE Runtime Environment (8.0_91-b15) (build 1.8.0_91-b15)
# Java VM: Java HotSpot(TM) 64-Bit Server VM (25.91-b15 mixed mode windows-amd64 compressed oops)
Heap:
 PSYoungGen      total 132096K, used 48506K [0x00000000eab00000, 0x00000000f4e00000, 0x0000000100000000)
  eden space 116736K, 28% used [0x00000000eab00000,0x00000000ecb66938,0x00000000f1d00000)
  from space 15360K, 99% used [0x00000000f3f00000,0x00000000f4df8010,0x00000000f4e00000)
  to   space 18944K, 0% used [0x00000000f2900000,0x00000000f2900000,0x00000000f3b80000)
 ParOldGen       total 41984K, used 22826K [0x00000000c0000000, 0x00000000c2900000, 0x00000000eab00000)
  object space 41984K, 54% used [0x00000000c0000000,0x00000000c164a8b0,0x00000000c2900000)
 Metaspace       used 6565K, capacity 7256K, committed 7424K, reserved 1056768K
  class space    used 626K, capacity 656K, committed 768K, reserved 1048576K
GC Heap History (10 events):
Event: 19.563 GC heap before
{Heap before GC invocations=5 (full 0):
 PSYoungGen      total 35840K, used 35824K [0x00000000eab00000, 0x00000000ecf00000, 0x0000000100000000)
  eden space 34816K, 100% used [0x00000000eab00000,0x00000000ecd00000,0x00000000ecd00000)
  from space 1024K, 98% used [0x00000000ece00000,0x00000000ecefc028,0x00000000ecf00000)
  to   space 1024K, 0% used [0x00000000ecd00000,0x00000000ecd00000,0x00000000ece00000)
 ParOldGen       total 22016K, used 4165K [0x00000000c0000000, 0x00000000c1580000, 0x00000000eab00000)
  object space 22016K, 18% used [0x00000000c0000000,0x00000000c0411718,0x00000000c1580000)
 Metaspace       used 6289K, capacity 7090K, committed 7296K, reserved 1056768K
  class space    used 605K, capacity 618K, committed 640K, reserved 1048576K
Event: 19.609 GC heap after
Heap after GC invocations=5 (full 0):
 PSYoungGen      total 35840K, used 1024K [0x00000000eab00000, 0x00000000efe00000, 0x0000000100000000)
  eden space 34816K, 0% used [0x00000000eab00000,0x00000000eab00000,0x00000000ecd00000)
  from space 1024K, 100% used [0x00000000ecd00000,0x00000000ece00000,0x00000000ece00000)
  to   space 7680K, 0% used [0x00000000ef680000,0x00000000ef680000,0x00000000efe00000)
 ParOldGen       total 22016K, used 10101K [0x00000000c0000000, 0x00000000c1580000, 0x00000000eab00000)
  object space 22016K, 45% used [0x00000000c0000000,0x00000000c09dd718,0x00000000c1580000)
 Metaspace       used 6289K, capacity 7090K, committed 7296K, reserved 1056768K
  class space    used 605K, capacity 618K, committed 640K, reserved 1048576K
}
Event: 29.708 GC heap before
{Heap before GC invocations=6 (full 0):
 PSYoungGen      total 35840K, used 35840K [0x00000000eab00000, 0x00000000efe00000, 0x0000000100000000)
  eden space 34816K, 100% used [0x00000000eab00000,0x00000000ecd00000,0x00000000ecd00000)
  from space 1024K, 100% used [0x00000000ecd00000,0x00000000ece00000,0x00000000ece00000)
  to   space 7680K, 0% used [0x00000000ef680000,0x00000000ef680000,0x00000000efe00000)
 ParOldGen       total 22016K, used 10101K [0x00000000c0000000, 0x00000000c1580000, 0x00000000eab00000)
  object space 22016K, 45% used [0x00000000c0000000,0x00000000c09dd718,0x00000000c1580000)
 Metaspace       used 6333K, capacity 7154K, committed 7296K, reserved 1056768K
  class space    used 605K, capacity 618K, committed 640K, reserved 1048576K
Event: 30.667 GC heap after
Heap after GC invocations=6 (full 0):
 PSYoungGen      total 75776K, used 6902K [0x00000000eab00000, 0x00000000f0100000, 0x0000000100000000)
  eden space 68096K, 0% used [0x00000000eab00000,0x00000000eab00000,0x00000000eed80000)
  from space 7680K, 89% used [0x00000000ef680000,0x00000000efd3d9d0,0x00000000efe00000)
  to   space 9216K, 0% used [0x00000000eed80000,0x00000000eed80000,0x00000000ef680000)
 ParOldGen       total 22016K, used 10101K [0x00000000c0000000, 0x00000000c1580000, 0x00000000eab00000)
  object space 22016K, 45% used [0x00000000c0000000,0x00000000c09dd718,0x00000000c1580000)
 Metaspace       used 6333K, capacity 7154K, committed 7296K, reserved 1056768K
  class space    used 605K, capacity 618K, committed 640K, reserved 1048576K
}
Event: 50.361 GC heap before
{Heap before GC invocations=7 (full 0):
 PSYoungGen      total 75776K, used 74998K [0x00000000eab00000, 0x00000000f0100000, 0x0000000100000000)
  eden space 68096K, 100% used [0x00000000eab00000,0x00000000eed80000,0x00000000eed80000)
  from space 7680K, 89% used [0x00000000ef680000,0x00000000efd3d9d0,0x00000000efe00000)
  to   space 9216K, 0% used [0x00000000eed80000,0x00000000eed80000,0x00000000ef680000)
 ParOldGen       total 22016K, used 10101K [0x00000000c0000000, 0x00000000c1580000, 0x00000000eab00000)
  object space 22016K, 45% used [0x00000000c0000000,0x00000000c09dd718,0x00000000c1580000)
 Metaspace       used 6485K, capacity 7192K, committed 7424K, reserved 1056768K
  class space    used 626K, capacity 656K, committed 768K, reserved 1048576K
Event: 50.462 GC heap after
Heap after GC invocations=7 (full 0):
 PSYoungGen      total 77312K, used 9187K [0x00000000eab00000, 0x00000000f4e00000, 0x0000000100000000)
  eden space 68096K, 0% used [0x00000000eab00000,0x00000000eab00000,0x00000000eed80000)
  from space 9216K, 99% used [0x00000000eed80000,0x00000000ef678cf8,0x00000000ef680000)
  to   space 15360K, 0% used [0x00000000f3f00000,0x00000000f3f00000,0x00000000f4e00000)
 ParOldGen       total 22016K, used 18244K [0x00000000c0000000, 0x00000000c1580000, 0x00000000eab00000)
  object space 22016K, 82% used [0x00000000c0000000,0x00000000c11d1310,0x00000000c1580000)
 Metaspace       used 6485K, capacity 7192K, committed 7424K, reserved 1056768K
  class space    used 626K, capacity 656K, committed 768K, reserved 1048576K
}
Event: 50.462 GC heap before
{Heap before GC invocations=8 (full 1):
 PSYoungGen      total 77312K, used 9187K [0x00000000eab00000, 0x00000000f4e00000, 0x0000000100000000)
  eden space 68096K, 0% used [0x00000000eab00000,0x00000000eab00000,0x00000000eed80000)
  from space 9216K, 99% used [0x00000000eed80000,0x00000000ef678cf8,0x00000000ef680000)
  to   space 15360K, 0% used [0x00000000f3f00000,0x00000000f3f00000,0x00000000f4e00000)
 ParOldGen       total 22016K, used 18244K [0x00000000c0000000, 0x00000000c1580000, 0x00000000eab00000)
  object space 22016K, 82% used [0x00000000c0000000,0x00000000c11d1310,0x00000000c1580000)
 Metaspace       used 6485K, capacity 7192K, committed 7424K, reserved 1056768K
  class space    used 626K, capacity 656K, committed 768K, reserved 1048576K
Event: 51.383 GC heap after
Heap after GC invocations=8 (full 1):
 PSYoungGen      total 77312K, used 4567K [0x00000000eab00000, 0x00000000f4e00000, 0x0000000100000000)
  eden space 68096K, 0% used [0x00000000eab00000,0x00000000eab00000,0x00000000eed80000)
  from space 9216K, 49% used [0x00000000eed80000,0x00000000ef1f5fd0,0x00000000ef680000)
  to   space 15360K, 0% used [0x00000000f3f00000,0x00000000f3f00000,0x00000000f4e00000)
 ParOldGen       total 41984K, used 21827K [0x00000000c0000000, 0x00000000c2900000, 0x00000000eab00000)
  object space 41984K, 51% used [0x00000000c0000000,0x00000000c1550de8,0x00000000c2900000)
 Metaspace       used 6485K, capacity 7192K, committed 7424K, reserved 1056768K
  class space    used 626K, capacity 656K, committed 768K, reserved 1048576K
}
Event: 59.224 GC heap before
{Heap before GC invocations=9 (full 1):
 PSYoungGen      total 77312K, used 72663K [0x00000000eab00000, 0x00000000f4e00000, 0x0000000100000000)
  eden space 68096K, 100% used [0x00000000eab00000,0x00000000eed80000,0x00000000eed80000)
  from space 9216K, 49% used [0x00000000eed80000,0x00000000ef1f5fd0,0x00000000ef680000)
  to   space 15360K, 0% used [0x00000000f3f00000,0x00000000f3f00000,0x00000000f4e00000)
 ParOldGen       total 41984K, used 21827K [0x00000000c0000000, 0x00000000c2900000, 0x00000000eab00000)
  object space 41984K, 51% used [0x00000000c0000000,0x00000000c1550de8,0x00000000c2900000)
 Metaspace       used 6526K, capacity 7256K, committed 7424K, reserved 1056768K
  class space    used 626K, capacity 656K, committed 768K, reserved 1048576K
Event: 59.337 GC heap after
Heap after GC invocations=9 (full 1):
 PSYoungGen      total 132096K, used 15328K [0x00000000eab00000, 0x00000000f4e00000, 0x0000000100000000)
  eden space 116736K, 0% used [0x00000000eab00000,0x00000000eab00000,0x00000000f1d00000)
  from space 15360K, 99% used [0x00000000f3f00000,0x00000000f4df8010,0x00000000f4e00000)
  to   space 18944K, 0% used [0x00000000f2900000,0x00000000f2900000,0x00000000f3b80000)
 ParOldGen       total 41984K, used 22826K [0x00000000c0000000, 0x00000000c2900000, 0x00000000eab00000)
  object space 41984K, 54% used [0x00000000c0000000,0x00000000c164a8b0,0x00000000c2900000)
 Metaspace       used 6526K, capacity 7256K, committed 7424K, reserved 1056768K
  class space    used 626K, capacity 656K, committed 768K, reserved 1048576K
}

