# JRE version: Java(TM) SE Runtime Environment (8.0_91-b15) (build 1.8.0_91-b15)
# Java VM: Java HotSpot(TM) 64-Bit Server VM (25.91-b15 mixed mode windows-amd64 compressed oops)
Heap:
 PSYoungGen      total 140800K, used 37750K [0x00000000eab00000, 0x00000000f4e00000, 0x0000000100000000)
  eden space 125440K, 17% used [0x00000000eab00000,0x00000000ec0e2270,0x00000000f2580000)
  from space 15360K, 99% used [0x00000000f3f00000,0x00000000f4dfb8b0,0x00000000f4e00000)
  to   space 18944K, 0% used [0x00000000f2900000,0x00000000f2900000,0x00000000f3b80000)
 ParOldGen       total 40960K, used 24065K [0x00000000c0000000, 0x00000000c2800000, 0x00000000eab00000)
  object space 40960K, 58% used [0x00000000c0000000,0x00000000c17807c8,0x00000000c2800000)
 Metaspace       used 6580K, capacity 7504K, committed 7680K, reserved 1056768K
  class space    used 613K, capacity 648K, committed 768K, reserved 1048576K
GC Heap History (10 events):
Event: 28.358 GC heap before
{Heap before GC invocations=5 (full 0):
 PSYoungGen      total 35840K, used 35808K [0x00000000eab00000, 0x00000000ecf00000, 0x0000000100000000)
  eden space 34816K, 100% used [0x00000000eab00000,0x00000000ecd00000,0x00000000ecd00000)
  from space 1024K, 96% used [0x00000000ece00000,0x00000000ecef8028,0x00000000ecf00000)
  to   space 1024K, 0% used [0x00000000ecd00000,0x00000000ecd00000,0x00000000ece00000)
 ParOldGen       total 22016K, used 7057K [0x00000000c0000000, 0x00000000c1580000, 0x00000000eab00000)
  object space 22016K, 32% used [0x00000000c0000000,0x00000000c06e45e8,0x00000000c1580000)
 Metaspace       used 6149K, capacity 7088K, committed 7296K, reserved 1056768K
  class space    used 594K, capacity 616K, committed 640K, reserved 1048576K
Event: 28.721 GC heap after
Heap after GC invocations=5 (full 0):
 PSYoungGen      total 35840K, used 992K [0x00000000eab00000, 0x00000000efe00000, 0x0000000100000000)
  eden space 34816K, 0% used [0x00000000eab00000,0x00000000eab00000,0x00000000ecd00000)
  from space 1024K, 96% used [0x00000000ecd00000,0x00000000ecdf8028,0x00000000ece00000)
  to   space 7680K, 0% used [0x00000000ef680000,0x00000000ef680000,0x00000000efe00000)
 ParOldGen       total 22016K, used 12467K [0x00000000c0000000, 0x00000000c1580000, 0x00000000eab00000)
  object space 22016K, 56% used [0x00000000c0000000,0x00000000c0c2cc68,0x00000000c1580000)
 Metaspace       used 6149K, capacity 7088K, committed 7296K, reserved 1056768K
  class space    used 594K, capacity 616K, committed 640K, reserved 1048576K
}
Event: 36.537 GC heap before
{Heap before GC invocations=6 (full 0):
 PSYoungGen      total 35840K, used 35808K [0x00000000eab00000, 0x00000000efe00000, 0x0000000100000000)
  eden space 34816K, 100% used [0x00000000eab00000,0x00000000ecd00000,0x00000000ecd00000)
  from space 1024K, 96% used [0x00000000ecd00000,0x00000000ecdf8028,0x00000000ece00000)
  to   space 7680K, 0% used [0x00000000ef680000,0x00000000ef680000,0x00000000efe00000)
 ParOldGen       total 22016K, used 12467K [0x00000000c0000000, 0x00000000c1580000, 0x00000000eab00000)
  object space 22016K, 56% used [0x00000000c0000000,0x00000000c0c2cc68,0x00000000c1580000)
 Metaspace       used 6213K, capacity 7152K, committed 7296K, reserved 1056768K
  class space    used 594K, capacity 616K, committed 640K, reserved 1048576K
Event: 36.566 GC heap after
Heap after GC invocations=6 (full 0):
 PSYoungGen      total 75776K, used 7136K [0x00000000eab00000, 0x00000000f0100000, 0x0000000100000000)
  eden space 68096K, 0% used [0x00000000eab00000,0x00000000eab00000,0x00000000eed80000)
  from space 7680K, 92% used [0x00000000ef680000,0x00000000efd78028,0x00000000efe00000)
  to   space 9216K, 0% used [0x00000000eed80000,0x00000000eed80000,0x00000000ef680000)
 ParOldGen       total 22016K, used 12467K [0x00000000c0000000, 0x00000000c1580000, 0x00000000eab00000)
  object space 22016K, 56% used [0x00000000c0000000,0x00000000c0c2cc68,0x00000000c1580000)
 Metaspace       used 6213K, capacity 7152K, committed 7296K, reserved 1056768K
  class space    used 594K, capacity 616K, committed 640K, reserved 1048576K
}
Event: 44.072 GC heap before
{Heap before GC invocations=7 (full 0):
 PSYoungGen      total 75776K, used 75232K [0x00000000eab00000, 0x00000000f0100000, 0x0000000100000000)
  eden space 68096K, 100% used [0x00000000eab00000,0x00000000eed80000,0x00000000eed80000)
  from space 7680K, 92% used [0x00000000ef680000,0x00000000efd78028,0x00000000efe00000)
  to   space 9216K, 0% used [0x00000000eed80000,0x00000000eed80000,0x00000000ef680000)
 ParOldGen       total 22016K, used 12467K [0x00000000c0000000, 0x00000000c1580000, 0x00000000eab00000)
  object space 22016K, 56% used [0x00000000c0000000,0x00000000c0c2cc68,0x00000000c1580000)
 Metaspace       used 6276K, capacity 7216K, committed 7296K, reserved 1056768K
  class space    used 594K, capacity 616K, committed 640K, reserved 1048576K
Event: 44.211 GC heap after
Heap after GC invocations=7 (full 0):
 PSYoungGen      total 77312K, used 9197K [0x00000000eab00000, 0x00000000f4e00000, 0x0000000100000000)
  eden space 68096K, 0% used [0x00000000eab00000,0x00000000eab00000,0x00000000eed80000)
  from space 9216K, 99% used [0x00000000eed80000,0x00000000ef67b660,0x00000000ef680000)
  to   space 15360K, 0% used [0x00000000f3f00000,0x00000000f3f00000,0x00000000f4e00000)
 ParOldGen       total 22016K, used 20862K [0x00000000c0000000, 0x00000000c1580000, 0x00000000eab00000)
  object space 22016K, 94% used [0x00000000c0000000,0x00000000c145f8d0,0x00000000c1580000)
 Metaspace       used 6276K, capacity 7216K, committed 7296K, reserved 1056768K
  class space    used 594K, capacity 616K, committed 640K, reserved 1048576K
}
Event: 44.211 GC heap before
{Heap before GC invocations=8 (full 1):
 PSYoungGen      total 77312K, used 9197K [0x00000000eab00000, 0x00000000f4e00000, 0x0000000100000000)
  eden space 68096K, 0% used [0x00000000eab00000,0x00000000eab00000,0x00000000eed80000)
  from space 9216K, 99% used [0x00000000eed80000,0x00000000ef67b660,0x00000000ef680000)
  to   space 15360K, 0% used [0x00000000f3f00000,0x00000000f3f00000,0x00000000f4e00000)
 ParOldGen       total 22016K, used 20862K [0x00000000c0000000, 0x00000000c1580000, 0x00000000eab00000)
  object space 22016K, 94% used [0x00000000c0000000,0x00000000c145f8d0,0x00000000c1580000)
 Metaspace       used 6276K, capacity 7216K, committed 7296K, reserved 1056768K
  class space    used 594K, capacity 616K, committed 640K, reserved 1048576K
Event: 44.956 GC heap after
Heap after GC invocations=8 (full 1):
 PSYoungGen      total 77312K, used 6590K [0x00000000eab00000, 0x00000000f4e00000, 0x0000000100000000)
  eden space 68096K, 0% used [0x00000000eab00000,0x00000000eab00000,0x00000000eed80000)
  from space 9216K, 71% used [0x00000000eed80000,0x00000000ef3efb48,0x00000000ef680000)
  to   space 15360K, 0% used [0x00000000f3f00000,0x00000000f3f00000,0x00000000f4e00000)
 ParOldGen       total 40960K, used 21803K [0x00000000c0000000, 0x00000000c2800000, 0x00000000eab00000)
  object space 40960K, 53% used [0x00000000c0000000,0x00000000c154af48,0x00000000c2800000)
 Metaspace       used 6276K, capacity 7216K, committed 7296K, reserved 1056768K
  class space    used 594K, capacity 616K, committed 640K, reserved 1048576K
}
Event: 47.693 GC heap before
{Heap before GC invocations=9 (full 1):
 PSYoungGen      total 77312K, used 74686K [0x00000000eab00000, 0x00000000f4e00000, 0x0000000100000000)
  eden space 68096K, 100% used [0x00000000eab00000,0x00000000eed80000,0x00000000eed80000)
  from space 9216K, 71% used [0x00000000eed80000,0x00000000ef3efb48,0x00000000ef680000)
  to   space 15360K, 0% used [0x00000000f3f00000,0x00000000f3f00000,0x00000000f4e00000)
 ParOldGen       total 40960K, used 21803K [0x00000000c0000000, 0x00000000c2800000, 0x00000000eab00000)
  object space 40960K, 53% used [0x00000000c0000000,0x00000000c154af48,0x00000000c2800000)
 Metaspace       used 6287K, capacity 7216K, committed 7296K, reserved 1056768K
  class space    used 594K, capacity 616K, committed 640K, reserved 1048576K
Event: 48.003 GC heap after
Heap after GC invocations=9 (full 1):
 PSYoungGen      total 140800K, used 15342K [0x00000000eab00000, 0x00000000f4e00000, 0x0000000100000000)
  eden space 125440K, 0% used [0x00000000eab00000,0x00000000eab00000,0x00000000f2580000)
  from space 15360K, 99% used [0x00000000f3f00000,0x00000000f4dfb8b0,0x00000000f4e00000)
  to   space 18944K, 0% used [0x00000000f2900000,0x00000000f2900000,0x00000000f3b80000)
 ParOldGen       total 40960K, used 24065K [0x00000000c0000000, 0x00000000c2800000, 0x00000000eab00000)
  object space 40960K, 58% used [0x00000000c0000000,0x00000000c17807c8,0x00000000c2800000)
 Metaspace       used 6287K, capacity 7216K, committed 7296K, reserved 1056768K
  class space    used 594K, capacity 616K, committed 640K, reserved 1048576K
}

